
> hackerware-site@0.0.0 dev
> vite --host 0.0.0.0 --port 5173


  [32m[1mVITE[22m v5.4.21[39m  [2mready in [0m[1m430[22m[2m[0m ms[22m

  [32m➜[39m  [1mLocal[22m:   [36mhttp://localhost:[1m5173[22m/[39m
  [32m➜[39m  [1mNetwork[22m: [36mhttp://172.31.0.1:[1m5173[22m/[39m
  [32m➜[39m  [1mNetwork[22m: [36mhttp://192.168.1.84:[1m5173[22m/[39m
  [32m➜[39m  [1mNetwork[22m: [36mhttp://192.168.56.1:[1m5173[22m/[39m
[2m6:50:14 AM[22m [36m[1m[vite][22m[39m [32mhmr update [39m[2m/src/components/sections/HeroSection.tsx[22m
[2m6:50:14 AM[22m [36m[1m[vite][22m[39m [32mhmr update [39m[2m/src/components/sections/HeroSection.tsx[22m
[2m6:50:14 AM[22m [36m[1m[vite][22m[39m [32mhmr update [39m[2m/src/components/ui/GameEmbedPlaceholder.tsx[22m
[2m6:50:14 AM[22m [36m[1m[vite][22m[39m [32mhmr update [39m[2m/src/components/sections/PrizeTimelineSection.tsx[22m
[2m6:50:14 AM[22m [36m[1m[vite][22m[39m [32mhmr update [39m[2m/src/components/sections/BeginnerSection.tsx[22m
[2m6:53:52 AM[22m [36m[1m[vite][22m[39m [32mhmr update [39m[2m/src/index.css[22m
[2m6:53:52 AM[22m [36m[1m[vite][22m[39m [32mhmr update [39m[2m/src/components/ui/PrimaryButton.tsx[22m
[2m6:53:52 AM[22m [36m[1m[vite][22m[39m [32mhmr update [39m[2m/src/components/ui/GameEmbedPlaceholder.tsx[22m
[2m6:53:52 AM[22m [36m[1m[vite][22m[39m [32mhmr update [39m[2m/src/components/ui/FaqCard.tsx[22m
[2m6:55:07 AM[22m [36m[1m[vite][22m[39m [32mhmr update [39m[2m/src/components/sections/PrizeTimelineSection.tsx[22m
[2m6:55:07 AM[22m [36m[1m[vite][22m[39m [32mhmr update [39m[2m/src/components/sections/BeginnerSection.tsx[22m
[2m6:55:07 AM[22m [36m[1m[vite][22m[39m [32mhmr update [39m[2m/src/components/sections/HeroSection.tsx[22m
[2m6:56:33 AM[22m [36m[1m[vite][22m[39m [32mhmr update [39m[2m/src/components/sections/BeginnerSection.tsx[22m
[2m7:24:57 AM[22m [36m[1m[vite][22m[39m [32mhmr update [39m[2m/src/components/sections/HeroSection.tsx[22m
[2m7:24:57 AM[22m [36m[1m[vite][22m[39m [32mhmr update [39m[2m/src/components/sections/PrizeTimelineSection.tsx[22m
[2m7:24:57 AM[22m [36m[1m[vite][22m[39m [32mhmr update [39m[2m/src/components/ui/PrimaryButton.tsx[22m
[2m7:24:57 AM[22m [36m[1m[vite][22m[39m [32mhmr update [39m[2m/src/components/ui/PrimaryButton.tsx[22m
[2m7:26:19 AM[22m [36m[1m[vite][22m[39m [32mhmr update [39m[2m/src/components/ui/PrimaryButton.tsx[22m
[2m7:27:01 AM[22m [36m[1m[vite][22m[39m [32mhmr update [39m[2m/src/components/sections/HeroSection.tsx[22m
[2m7:27:07 AM[22m [36m[1m[vite][22m[39m [32mhmr update [39m[2m/src/components/sections/HeroSection.tsx[22m
[2m7:27:36 AM[22m [36m[1m[vite][22m[39m [32mhmr update [39m[2m/src/components/sections/HeroSection.tsx[22m
[2m7:28:02 AM[22m [36m[1m[vite][22m[39m [32mhmr update [39m[2m/src/components/sections/HeroSection.tsx[22m
[2m7:28:24 AM[22m [36m[1m[vite][22m[39m [32mhmr update [39m[2m/src/components/sections/HeroSection.tsx[22m
[2m7:28:24 AM[22m [36m[1m[vite][22m[39m [32mhmr update [39m[2m/src/components/sections/HeroSection.tsx[22m
[2m7:29:16 AM[22m [36m[1m[vite][22m[39m [32mhmr update [39m[2m/src/components/sections/HeroSection.tsx[22m
[2m7:29:17 AM[22m [36m[1m[vite][22m[39m [32mhmr update [39m[2m/src/components/sections/HeroSection.tsx[22m
[2m7:29:22 AM[22m [36m[1m[vite][22m[39m [32mhmr update [39m[2m/src/components/sections/HeroSection.tsx[22m
[2m7:29:22 AM[22m [36m[1m[vite][22m[39m [32mhmr update [39m[2m/src/components/sections/HeroSection.tsx[22m
[2m7:30:27 AM[22m [36m[1m[vite][22m[39m [32mhmr update [39m[2m/src/components/sections/HeroSection.tsx[22m
[2m7:30:52 AM[22m [36m[1m[vite][22m[39m [32mhmr update [39m[2m/src/components/sections/HeroSection.tsx[22m
[2m7:31:54 AM[22m [36m[1m[vite][22m[39m [32mhmr update [39m[2m/src/components/sections/HeroSection.tsx[22m
[2m7:32:01 AM[22m [36m[1m[vite][22m[39m [32mhmr update [39m[2m/src/components/sections/HeroSection.tsx[22m
[2m7:32:06 AM[22m [36m[1m[vite][22m[39m [32mhmr update [39m[2m/src/components/sections/HeroSection.tsx[22m
[2m7:35:25 AM[22m [36m[1m[vite][22m[39m [32mhmr update [39m[2m/src/components/ui/PrimaryButton.tsx[22m
[2m7:35:25 AM[22m [36m[1m[vite][22m[39m [32mhmr update [39m[2m/src/components/sections/HeroSection.tsx[22m
[2m7:35:25 AM[22m [36m[1m[vite][22m[39m [32mhmr update [39m[2m/src/components/sections/HeroSection.tsx[22m
[2m7:41:50 AM[22m [36m[1m[vite][22m[39m [32mhmr update [39m[2m/src/components/sections/HeroSection.tsx[22m
[2m7:41:50 AM[22m [36m[1m[vite][22m[39m [32mhmr update [39m[2m/src/components/sections/HeroSection.tsx[22m
[2m7:42:25 AM[22m [36m[1m[vite][22m[39m [32mhmr update [39m[2m/src/components/sections/HeroSection.tsx[22m
[2m7:42:49 AM[22m [36m[1m[vite][22m[39m [32mhmr update [39m[2m/src/components/sections/HeroSection.tsx[22m
[2m7:42:57 AM[22m [36m[1m[vite][22m[39m [32mhmr update [39m[2m/src/components/sections/BeginnerSection.tsx[22m
[2m7:42:57 AM[22m [36m[1m[vite][22m[39m [32mhmr update [39m[2m/src/components/sections/BeginnerSection.tsx[22m
[2m7:42:57 AM[22m [36m[1m[vite][22m[39m [32mhmr update [39m[2m/src/components/sections/BeginnerSection.tsx[22m
[2m7:43:04 AM[22m [36m[1m[vite][22m[39m [32mhmr update [39m[2m/src/components/sections/PrizeTimelineSection.tsx[22m
[2m7:43:04 AM[22m [36m[1m[vite][22m[39m [32mhmr update [39m[2m/src/components/sections/PrizeTimelineSection.tsx[22m
[2m7:43:12 AM[22m [36m[1m[vite][22m[39m [32mhmr update [39m[2m/src/components/sections/PrizeTimelineSection.tsx[22m
[2m7:43:12 AM[22m [36m[1m[vite][22m[39m [32mhmr update [39m[2m/src/components/sections/PrizeTimelineSection.tsx[22m
[2m7:43:18 AM[22m [36m[1m[vite][22m[39m [32mhmr update [39m[2m/src/components/sections/PrizeTimelineSection.tsx[22m
[2m7:43:33 AM[22m [36m[1m[vite][22m[39m [32mhmr update [39m[2m/src/components/sections/PrizeTimelineSection.tsx[22m
[2m7:47:16 AM[22m [36m[1m[vite][22m[39m [32mhmr update [39m[2m/src/components/sections/PrizeTimelineSection.tsx[22m
[2m7:47:16 AM[22m [36m[1m[vite][22m[39m [32mhmr update [39m[2m/src/components/sections/BeginnerSection.tsx[22m
[2m7:47:16 AM[22m [36m[1m[vite][22m[39m [32mhmr update [39m[2m/src/components/sections/HeroSection.tsx[22m
[2m7:47:25 AM[22m [36m[1m[vite][22m[39m [32mhmr update [39m[2m/src/components/sections/HeroSection.tsx[22m
[2m7:49:46 AM[22m [36m[1m[vite][22m[39m [32mhmr update [39m[2m/src/components/sections/HeroSection.tsx[22m
[2m7:49:46 AM[22m [36m[1m[vite][22m[39m [32mhmr update [39m[2m/src/components/sections/PrizeTimelineSection.tsx[22m
[2m7:49:52 AM[22m [36m[1m[vite][22m[39m [32mhmr update [39m[2m/src/components/sections/PrizeTimelineSection.tsx[22m
[2m7:49:52 AM[22m [36m[1m[vite][22m[39m [32mhmr update [39m[2m/src/components/sections/PrizeTimelineSection.tsx[22m
[2m7:53:15 AM[22m [36m[1m[vite][22m[39m [32mhmr update [39m[2m/src/components/sections/HeroSection.tsx[22m
[2m7:53:15 AM[22m [36m[1m[vite][22m[39m [32mhmr update [39m[2m/src/components/sections/PrizeTimelineSection.tsx[22m
[2m7:55:47 AM[22m [36m[1m[vite][22m[39m [32mhmr update [39m[2m/src/components/sections/HeroSection.tsx[22m
[2m7:55:48 AM[22m [36m[1m[vite][22m[39m [32mhmr update [39m[2m/src/components/sections/HeroSection.tsx[22m
[2m7:55:57 AM[22m [36m[1m[vite][22m[39m [32mhmr update [39m[2m/src/components/sections/HeroSection.tsx[22m
[2m7:56:33 AM[22m [36m[1m[vite][22m[39m [32mhmr update [39m[2m/src/components/sections/PrizeTimelineSection.tsx[22m
[2m7:56:33 AM[22m [36m[1m[vite][22m[39m [32mhmr update [39m[2m/src/components/sections/PrizeTimelineSection.tsx[22m
[2m7:56:47 AM[22m [36m[1m[vite][22m[39m [32mhmr update [39m[2m/src/components/sections/HeroSection.tsx[22m
[2m7:56:47 AM[22m [36m[1m[vite][22m[39m [32mhmr update [39m[2m/src/components/sections/PrizeTimelineSection.tsx[22m
[2m7:57:24 AM[22m [36m[1m[vite][22m[39m [32mhmr update [39m[2m/src/components/sections/HeroSection.tsx[22m
[2m7:57:24 AM[22m [36m[1m[vite][22m[39m [32mhmr update [39m[2m/src/components/sections/PrizeTimelineSection.tsx[22m
[2m7:57:24 AM[22m [36m[1m[vite][22m[39m [32mhmr update [39m[2m/src/components/sections/HeroSection.tsx[22m
[2m7:58:59 AM[22m [36m[1m[vite][22m[39m [32mhmr update [39m[2m/src/components/sections/HeroSection.tsx[22m
[2m7:58:59 AM[22m [36m[1m[vite][22m[39m [32mhmr update [39m[2m/src/index.css[22m
[2m7:58:59 AM[22m [36m[1m[vite][22m[39m [32mhmr update [39m[2m/src/components/sections/HeroSection.tsx[22m
[2m7:59:12 AM[22m [36m[1m[vite][22m[39m [32mhmr update [39m[2m/src/components/sections/HeroSection.tsx[22m
[2m7:59:44 AM[22m [36m[1m[vite][22m[39m [32mhmr update [39m[2m/src/components/sections/HeroSection.tsx[22m
[2m7:59:44 AM[22m [36m[1m[vite][22m[39m [32mhmr update [39m[2m/src/index.css[22m
[2m7:59:45 AM[22m [36m[1m[vite][22m[39m [32mhmr update [39m[2m/src/index.css[22m
[2m7:59:45 AM[22m [36m[1m[vite][22m[39m [32mhmr update [39m[2m/src/components/sections/HeroSection.tsx[22m
[2m7:59:45 AM[22m [36m[1m[vite][22m[39m [32mhmr update [39m[2m/src/components/sections/HeroSection.tsx[22m
[2m8:06:32 AM[22m [36m[1m[vite][22m[39m [32mpage reload [39m[2mController prototype.html[22m
[2m8:06:32 AM[22m [36m[1m[vite][22m[39m [32mpage reload [39m[2mSimple Microgame.html[22m
[2m8:10:56 AM[22m [36m[1m[vite][22m[39m [32mpage reload [39m[2mController prototype.html[22m
[2m8:11:01 AM[22m [36m[1m[vite][22m[39m [32mhmr update [39m[2m/src/components/ui/GameEmbedPlaceholder.tsx[22m
[2m8:11:31 AM[22m [36m[1m[vite][22m[39m [32mhmr update [39m[2m/src/components/ui/GameEmbedPlaceholder.tsx[22m
[2m8:11:36 AM[22m [36m[1m[vite][22m[39m [32mhmr update [39m[2m/src/components/ui/GameEmbedPlaceholder.tsx[22m
[2m8:11:46 AM[22m [36m[1m[vite][22m[39m [32mhmr update [39m[2m/src/components/ui/GameEmbedPlaceholder.tsx[22m
[2m8:11:55 AM[22m [36m[1m[vite][22m[39m [32mpage reload [39m[2mpublic/controller-prototype.html[22m
[2m8:11:55 AM[22m [36m[1m[vite][22m[39m [32mpage reload [39m[2mpublic/controller-prototype.html[22m
[2m8:11:55 AM[22m [36m[1m[vite][22m[39m [32mpage reload [39m[2mpublic/microgames/simple-microgame.html[22m
[2m8:17:33 AM[22m [36m[1m[vite][22m[39m [32mpage reload [39m[2mController prototype.html[22m
[2m8:17:36 AM[22m [36m[1m[vite][22m[39m [32mpage reload [39m[2mpublic/controller-prototype.html[22m
[2m8:20:32 AM[22m [36m[1m[vite][22m[39m [32mpage reload [39m[2mController prototype.html[22m
[2m8:20:37 AM[22m [36m[1m[vite][22m[39m [32mpage reload [39m[2mpublic/controller-prototype.html[22m
[2m8:21:19 AM[22m [36m[1m[vite][22m[39m [32mpage reload [39m[2mController prototype.html[22m
[2m8:25:38 AM[22m [36m[1m[vite][22m[39m [32mpage reload [39m[2mController prototype.html[22m
[2m8:27:42 AM[22m [36m[1m[vite][22m[39m [32mpage reload [39m[2mController prototype.html[22m
[2m8:28:11 AM[22m [36m[1m[vite][22m[39m [32mhmr update [39m[2m/src/components/ui/GameEmbedPlaceholder.tsx[22m
[2m8:28:18 AM[22m [36m[1m[vite][22m[39m [32mhmr update [39m[2m/src/components/ui/GameEmbedPlaceholder.tsx[22m
[2m8:28:28 AM[22m [36m[1m[vite][22m[39m [32mpage reload [39m[2mpublic/controller-prototype.html[22m
[2m8:28:59 AM[22m [36m[1m[vite][22m[39m [32mpage reload [39m[2mController prototype.html[22m
[2m8:29:07 AM[22m [36m[1m[vite][22m[39m [32mpage reload [39m[2mController prototype.html[22m
[2m8:29:18 AM[22m [36m[1m[vite][22m[39m [32mpage reload [39m[2mpublic/controller-prototype.html[22m
[2m8:34:24 AM[22m [36m[1m[vite][22m[39m [32mpage reload [39m[2mController prototype.html[22m
[2m8:34:30 AM[22m [36m[1m[vite][22m[39m [32mpage reload [39m[2mpublic/controller-prototype.html[22m
[2m8:34:36 AM[22m [36m[1m[vite][22m[39m [32mpage reload [39m[2mpublic/controller-prototype.html[22m
[2m8:36:50 AM[22m [36m[1m[vite][22m[39m [32mpage reload [39m[2mSimple Microgame.html[22m
[2m8:36:50 AM[22m [36m[1m[vite][22m[39m [32mpage reload [39m[2mpublic/microgames/simple-microgame.html[22m
[2m8:36:50 AM[22m [36m[1m[vite][22m[39m [32mhmr update [39m[2m/src/App.tsx[22m
[2m8:36:50 AM[22m [36m[1m[vite][22m[39m [32mhmr update [39m[2m/src/components/ui/FaqCard.tsx[22m
[2m8:37:09 AM[22m [36m[1m[vite][22m[39m [32mhmr update [39m[2m/src/App.tsx[22m
